17:31:35: Creating resource group General
17:31:35: Creating resource group Internal
17:31:35: Creating resource group Autodetect
17:31:35: SceneManagerFactory for type 'DefaultSceneManager' registered.
17:31:35: Registering ResourceManager for type Material
17:31:35: Registering ResourceManager for type Mesh
17:31:35: Registering ResourceManager for type Skeleton
17:31:35: MovableObjectFactory for type 'ParticleSystem' registered.
17:31:35: OverlayElementFactory for type Panel registered.
17:31:35: OverlayElementFactory for type BorderPanel registered.
17:31:35: OverlayElementFactory for type TextArea registered.
17:31:35: Registering ResourceManager for type Font
17:31:35: ArchiveFactory for archive type FileSystem registered.
17:31:35: ArchiveFactory for archive type Zip registered.
17:31:35: FreeImage version: 3.9.3
17:31:35: This program uses FreeImage, a free, open source image library supporting all common bitmap formats. See http://freeimage.sourceforge.net for details
17:31:35: Supported formats: bmp,ico,jpg,jif,jpeg,jpe,jng,koa,iff,lbm,mng,pbm,pbm,pcd,pcx,pgm,pgm,png,ppm,ppm,ras,tga,targa,tif,tiff,wap,wbmp,wbm,psd,cut,xbm,xpm,gif,hdr,g3,sgi
17:31:35: DDS codec registering
17:31:35: Registering ResourceManager for type HighLevelGpuProgram
17:31:35: Registering ResourceManager for type Compositor
17:31:35: MovableObjectFactory for type 'Entity' registered.
17:31:35: MovableObjectFactory for type 'Light' registered.
17:31:35: MovableObjectFactory for type 'BillboardSet' registered.
17:31:35: MovableObjectFactory for type 'ManualObject' registered.
17:31:35: MovableObjectFactory for type 'BillboardChain' registered.
17:31:35: MovableObjectFactory for type 'RibbonTrail' registered.
17:31:35: *-*-* OGRE Initialising
17:31:35: *-*-* Version 1.6.3 (Shoggoth)
17:31:35: Loading library RenderSystem_GL
17:31:35: Installing plugin: GL RenderSystem
17:31:35: OpenGL Rendering Subsystem created.
17:31:35: Plugin successfully installed
17:31:35: Loading library Plugin_OctreeSceneManager
17:31:35: Installing plugin: Octree & Terrain Scene Manager
17:31:35: Plugin successfully installed
17:31:35: Loading library Plugin_ParticleFX
17:31:35: Installing plugin: ParticleFX
17:31:35: Particle Emitter Type 'Point' registered
17:31:35: Particle Emitter Type 'Box' registered
17:31:35: Particle Emitter Type 'Ellipsoid' registered
17:31:35: Particle Emitter Type 'Cylinder' registered
17:31:35: Particle Emitter Type 'Ring' registered
17:31:35: Particle Emitter Type 'HollowEllipsoid' registered
17:31:35: Particle Affector Type 'LinearForce' registered
17:31:35: Particle Affector Type 'ColourFader' registered
17:31:35: Particle Affector Type 'ColourFader2' registered
17:31:35: Particle Affector Type 'ColourImage' registered
17:31:35: Particle Affector Type 'ColourInterpolator' registered
17:31:35: Particle Affector Type 'Scaler' registered
17:31:35: Particle Affector Type 'Rotator' registered
17:31:35: Particle Affector Type 'DirectionRandomiser' registered
17:31:35: Particle Affector Type 'DeflectorPlane' registered
17:31:35: Plugin successfully installed
17:31:35: Loading library Plugin_CgProgramManager
17:31:35: Installing plugin: Cg Program Manager
17:31:35: Plugin successfully installed
17:31:35: CPU Identifier & Features
17:31:35: -------------------------
17:31:35:  *   CPU ID: GenuineIntel: Intel(R) Core(TM)2 CPU         T7400  @ 2.16GHz
17:31:35:  *      SSE: yes
17:31:35:  *     SSE2: yes
17:31:35:  *     SSE3: yes
17:31:35:  *      MMX: yes
17:31:35:  *   MMXEXT: yes
17:31:35:  *    3DNOW: no
17:31:35:  * 3DNOWEXT: no
17:31:35:  *     CMOV: yes
17:31:35:  *      TSC: yes
17:31:35:  *      FPU: yes
17:31:35:  *      PRO: yes
17:31:35:  *       HT: no
17:31:35: -------------------------
17:31:35: ******************************
*** Starting GLX Subsystem ***
******************************
17:31:35: Creating resource group ogre_tools
17:31:35: Added resource location '/home/mobmanip/ros/pkgs/visualization_common/ogre_tools/media' of type 'FileSystem' to resource group 'ogre_tools'
17:31:35: Added resource location '/home/mobmanip/ros/pkgs/visualization_common/ogre_tools/media/fonts' of type 'FileSystem' to resource group 'ogre_tools'
17:31:35: Added resource location '/home/mobmanip/ros/pkgs/visualization_common/ogre_tools/media/models' of type 'FileSystem' to resource group 'ogre_tools'
17:31:35: Added resource location '/home/mobmanip/ros/pkgs/visualization_common/ogre_tools/media/materials' of type 'FileSystem' to resource group 'ogre_tools'
17:31:35: Added resource location '/home/mobmanip/ros/pkgs/visualization_common/ogre_tools/media/materials/scripts' of type 'FileSystem' to resource group 'ogre_tools'
17:31:35: Added resource location '/home/mobmanip/ros/pkgs/visualization_common/ogre_tools/media/materials/programs' of type 'FileSystem' to resource group 'ogre_tools'
17:31:35: GLRenderSystem::_createRenderWindow "OgreRenderWindow1", 1679x975 windowed  miscParams: externalWindowHandle=135134944:0:54526038:2973766168 
17:31:35: GLXWindow::create: The externalWindowHandle parameter is deprecated.
Use the parentWindowHandle or currentGLContext parameter instead.
17:31:35: GLXWindow::create used FBConfigID = 225
17:31:35: GL_VERSION = 2.1.2 NVIDIA 169.12
17:31:35: GL_VENDOR = NVIDIA Corporation
17:31:35: GL_RENDERER = Quadro FX 350M/PCI/SSE2
17:31:35: GL_EXTENSIONS = GL_ARB_color_buffer_float GL_ARB_depth_texture GL_ARB_draw_buffers GL_ARB_fragment_program GL_ARB_fragment_program_shadow GL_ARB_fragment_shader GL_ARB_half_float_pixel GL_ARB_imaging GL_ARB_multisample GL_ARB_multitexture GL_ARB_occlusion_query GL_ARB_pixel_buffer_object GL_ARB_point_parameters GL_ARB_point_sprite GL_ARB_shadow GL_ARB_shader_objects GL_ARB_shading_language_100 GL_ARB_texture_border_clamp GL_ARB_texture_compression GL_ARB_texture_cube_map GL_ARB_texture_env_add GL_ARB_texture_env_combine GL_ARB_texture_env_dot3 GL_ARB_texture_float GL_ARB_texture_mirrored_repeat GL_ARB_texture_non_power_of_two GL_ARB_texture_rectangle GL_ARB_transpose_matrix GL_ARB_vertex_buffer_object GL_ARB_vertex_program GL_ARB_vertex_shader GL_ARB_window_pos GL_ATI_draw_buffers GL_ATI_texture_float GL_ATI_texture_mirror_once GL_S3_s3tc GL_EXT_texture_env_add GL_EXT_abgr GL_EXT_bgra GL_EXT_blend_color GL_EXT_blend_equation_separate GL_EXT_blend_func_separate GL_EXT_blend_minmax GL_EXT_blend_subtract GL_EXT_compiled_vertex_array GL_EXT_Cg_shader GL_EXT_depth_bounds_test GL_EXT_draw_range_elements GL_EXT_fog_coord GL_EXT_framebuffer_blit GL_EXT_framebuffer_multisample GL_EXT_framebuffer_object GL_EXT_gpu_program_parameters GL_EXT_multi_draw_arrays GL_EXT_packed_depth_stencil GL_EXT_packed_pixels GL_EXT_pixel_buffer_object GL_EXT_point_parameters GL_EXT_rescale_normal GL_EXT_secondary_color GL_EXT_separate_specular_color GL_EXT_shadow_funcs GL_EXT_stencil_two_side GL_EXT_stencil_wrap GL_EXT_texture3D GL_EXT_texture_compression_s3tc GL_EXT_texture_cube_map GL_EXT_texture_edge_clamp GL_EXT_texture_env_combine GL_EXT_texture_env_dot3 GL_EXT_texture_filter_anisotropic GL_EXT_texture_lod GL_EXT_texture_lod_bias GL_EXT_texture_mirror_clamp GL_EXT_texture_object GL_EXT_texture_sRGB GL_EXT_timer_query GL_EXT_vertex_array GL_IBM_rasterpos_clip GL_IBM_texture_mirrored_repeat GL_KTX_buffer_region GL_NV_blend_square GL_NV_copy_depth_to_color GL_NV_depth_clamp GL_NV_fence GL_NV_float_buffer GL_NV_fog_distance GL_NV_fragment_program GL_NV_fragment_program_option GL_NV_fragment_program2 GL_NV_framebuffer_multisample_coverage GL_NV_half_float GL_NV_light_max_exponent GL_NV_multisample_filter_hint GL_NV_occlusion_query GL_NV_packed_depth_stencil GL_NV_pixel_data_range GL_NV_point_sprite GL_NV_primitive_restart GL_NV_register_combiners GL_NV_register_combiners2 GL_NV_texgen_reflection GL_NV_texture_compression_vtc GL_NV_texture_env_combine4 GL_NV_texture_expand_normal GL_NV_texture_rectangle GL_NV_texture_shader GL_NV_texture_shader2 GL_NV_texture_shader3 GL_NV_vertex_array_range GL_NV_vertex_array_range2 GL_NV_vertex_program GL_NV_vertex_program1_1 GL_NV_vertex_program2 GL_NV_vertex_program2_option GL_NV_vertex_program3 GL_NVX_conditional_render GL_SGIS_generate_mipmap GL_SGIS_texture_lod GL_SGIX_depth_texture GL_SGIX_shadow GL_SUN_slice_accum 
17:31:35: Supported GLX extensions: GLX_EXT_visual_info GLX_EXT_visual_rating GLX_SGIX_fbconfig GLX_SGIX_pbuffer GLX_SGI_video_sync GLX_SGI_swap_control GLX_EXT_texture_from_pixmap GLX_ARB_multisample GLX_NV_float_buffer GLX_ARB_fbconfig_float GLX_NV_swap_group GLX_ARB_get_proc_address 
17:31:35: ***************************
17:31:35: *** GL Renderer Started ***
17:31:35: ***************************
17:31:35: Registering ResourceManager for type GpuProgram
17:31:35: GLSL support detected
17:31:35: GL: Using GL_EXT_framebuffer_object for rendering to textures (best)
17:31:35: FBO PF_UNKNOWN depth/stencil support: D16S0 D24S0 D32S0 Packed-D24S8 
17:31:35: FBO PF_R5G6B5 depth/stencil support: D0S0 D16S0 D24S0 D32S0 Packed-D24S8 
17:31:35: FBO PF_B5G6R5 depth/stencil support: D0S0 D16S0 D24S0 D32S0 Packed-D24S8 
17:31:35: FBO PF_R8G8B8 depth/stencil support: D0S0 D16S0 D24S0 D32S0 Packed-D24S8 
17:31:35: FBO PF_B8G8R8 depth/stencil support: D0S0 D16S0 D24S0 D32S0 Packed-D24S8 
17:31:35: FBO PF_A8R8G8B8 depth/stencil support: D0S0 D16S0 D24S0 D32S0 Packed-D24S8 
17:31:36: FBO PF_B8G8R8A8 depth/stencil support: D0S0 D16S0 D24S0 D32S0 Packed-D24S8 
17:31:36: FBO PF_A2R10G10B10 depth/stencil support: D0S0 D16S0 D24S0 D32S0 Packed-D24S8 
17:31:36: FBO PF_A2B10G10R10 depth/stencil support: D0S0 D16S0 D24S0 D32S0 Packed-D24S8 
17:31:44: FBO PF_FLOAT16_RGB depth/stencil support: D0S0 D16S0 D24S0 D32S0 Packed-D24S8 
17:31:52: FBO PF_FLOAT16_RGBA depth/stencil support: D0S0 D16S0 
17:32:00: FBO PF_FLOAT32_RGB depth/stencil support: D0S0 D16S0 
17:32:08: FBO PF_FLOAT32_RGBA depth/stencil support: D0S0 D16S0 
17:32:08: FBO PF_X8R8G8B8 depth/stencil support: D0S0 D16S0 D24S0 D32S0 Packed-D24S8 
17:32:08: FBO PF_X8B8G8R8 depth/stencil support: D0S0 D16S0 D24S0 D32S0 Packed-D24S8 
17:32:08: FBO PF_SHORT_RGBA depth/stencil support: D0S0 D16S0 D24S0 D32S0 Packed-D24S8 
17:32:08: FBO PF_R3G3B2 depth/stencil support: D0S0 D16S0 D24S0 D32S0 Packed-D24S8 
17:32:08: FBO PF_SHORT_RGB depth/stencil support: D0S0 D16S0 D24S0 D32S0 Packed-D24S8 
17:32:08: [GL] : Valid FBO targets PF_UNKNOWN PF_R5G6B5 PF_B5G6R5 PF_R8G8B8 PF_B8G8R8 PF_A8R8G8B8 PF_B8G8R8A8 PF_A2R10G10B10 PF_A2B10G10R10 PF_FLOAT16_RGB PF_FLOAT16_RGBA PF_FLOAT32_RGB PF_FLOAT32_RGBA PF_X8R8G8B8 PF_X8B8G8R8 PF_SHORT_RGBA PF_R3G3B2 PF_SHORT_RGB 
17:32:08: RenderSystem capabilities
17:32:08: -------------------------
17:32:08: RenderSystem Name: OpenGL Rendering Subsystem
17:32:08: GPU Vendor: nvidia
17:32:08: Device Name: Quadro FX 350M/PCI/SSE2
17:32:08: Driver Version: 2.1.2.0
17:32:08:  * Fixed function pipeline: yes
17:32:08:  * Hardware generation of mipmaps: yes
17:32:08:  * Texture blending: yes
17:32:08:  * Anisotropic texture filtering: yes
17:32:08:  * Dot product texture operation: yes
17:32:08:  * Cube mapping: yes
17:32:08:  * Hardware stencil buffer: yes
17:32:08:    - Stencil depth: 8
17:32:08:    - Two sided stencil support: yes
17:32:08:    - Wrap stencil values: yes
17:32:08:  * Hardware vertex / index buffers: yes
17:32:08:  * Vertex programs: yes
17:32:08:  * Fragment programs: yes
17:32:08:  * Geometry programs: no
17:32:08:  * Supported Shader Profiles: arbfp1 arbvp1 fp20 fp30 fp40 glsl vp30 vp40
17:32:08:  * Texture Compression: yes
17:32:08:    - DXT: yes
17:32:08:    - VTC: yes
17:32:08:  * Scissor Rectangle: yes
17:32:08:  * Hardware Occlusion Query: yes
17:32:08:  * User clip planes: yes
17:32:08:  * VET_UBYTE4 vertex element type: yes
17:32:08:  * Infinite far plane projection: yes
17:32:08:  * Hardware render-to-texture: yes
17:32:08:  * Floating point textures: yes
17:32:08:  * Non-power-of-two textures: yes
17:32:08:  * Volume textures: yes
17:32:08:  * Multiple Render Targets: 4
17:32:08:    - With different bit depths: yes
17:32:08:  * Point Sprites: yes
17:32:08:  * Extended point parameters: yes
17:32:08:  * Max Point Size: 63.375
17:32:08:  * Vertex texture fetch: yes
17:32:08:    - Max vertex textures: 4
17:32:08:    - Vertex textures shared: yes
17:32:08:  * Render to Vertex Buffer : no
17:32:08:  * GL 1.5 without VBO workaround: no
17:32:08:  * Frame Buffer objects: yes
17:32:08:  * Frame Buffer objects (ARB extension): no
17:32:08:  * Frame Buffer objects (ATI extension): no
17:32:08:  * PBuffer suppport: no
17:32:08:  * GL 1.5 without HW-occlusion workaround: no
17:32:08: Registering ResourceManager for type Texture
17:32:08: ResourceBackgroundQueue - threading disabled
17:32:08: Particle Renderer Type 'billboard' registered
17:32:08: SceneManagerFactory for type 'OctreeSceneManager' registered.
17:32:08: SceneManagerFactory for type 'TerrainSceneManager' registered.
17:32:08: Added resource location '/home/mobmanip/ros/pkgs/visualization/rviz/ogre_media/textures' of type 'FileSystem' to resource group 'General'
17:32:08: Parsing scripts for resource group Autodetect
17:32:08: Finished parsing scripts for resource group Autodetect
17:32:08: Parsing scripts for resource group General
17:32:08: Finished parsing scripts for resource group General
17:32:08: Parsing scripts for resource group Internal
17:32:08: Finished parsing scripts for resource group Internal
17:32:08: Parsing scripts for resource group ogre_tools
17:32:08: Parsing script point_cloud_point.program
17:32:08: Parsing script point_cloud_billboard.program
17:32:08: Parsing script passthrough.program
17:32:08: Parsing script point_cloud_box.program
17:32:08: Parsing script point_cloud_point.material
17:32:08: Parsing script point_cloud_billboard.material
17:32:08: Parsing script point_cloud_box.material
17:32:08: Parsing script arial.fontdef
17:32:08: Finished parsing scripts for resource group ogre_tools
17:32:08: Mesh: Loading ogre_tools_sphere.mesh.
17:32:08: Mesh: Loading ogre_tools_cylinder.mesh.
17:32:08: Mesh: Loading ogre_tools_cone.mesh.
17:32:08: Texture: SelectionRect0Texture: Loading 1 faces(PF_R8G8B8A8,1x1x1) with 0 generated mipmaps from Image. Internal format is PF_A8R8G8B8,1x1x1.
17:34:46: *-*-* OGRE Shutdown
17:34:46: Unregistering ResourceManager for type Compositor
17:34:46: Unregistering ResourceManager for type Font
17:34:46: Unregistering ResourceManager for type Skeleton
17:34:46: Unregistering ResourceManager for type Mesh
17:34:46: Unregistering ResourceManager for type HighLevelGpuProgram
17:34:46: Uninstalling plugin: Cg Program Manager
17:34:46: Plugin successfully uninstalled
17:34:46: Unloading library Plugin_CgProgramManager
17:34:46: Uninstalling plugin: ParticleFX
17:34:46: Plugin successfully uninstalled
17:34:46: Unloading library Plugin_ParticleFX
17:34:46: Uninstalling plugin: Octree & Terrain Scene Manager
17:34:46: Plugin successfully uninstalled
17:34:46: Unloading library Plugin_OctreeSceneManager
17:34:46: Uninstalling plugin: GL RenderSystem
17:34:46: Unregistering ResourceManager for type GpuProgram
17:34:46: ******************************
*** Stopping GLX Subsystem ***
******************************
17:34:46: Unregistering ResourceManager for type Texture
17:34:46: Plugin successfully uninstalled
17:34:46: Unloading library RenderSystem_GL
17:34:46: Unregistering ResourceManager for type Material
